<?xml version="1.0" encoding="UTF-8"?>
<!-- Generated by org.testng.reporters.JUnitReportReporter -->
<testsuite hostname="DESKTOP-PUIDNO7" failures="0" tests="1" name="testPackage.TestClass" time="0.012" errors="0" timestamp="12 Apr 2022 22:25:52 GMT">
  <testcase classname="testPackage.TestClass" name="test" time="0.012"/>
</testsuite> <!-- testPackage.TestClass -->
