<?xml version="1.0" encoding="UTF-8"?>
<!-- Generated by org.testng.reporters.JUnitReportReporter -->
<testsuite hostname="DESKTOP-PUIDNO7" failures="0" tests="1" name="TestClass" time="0.016" errors="0" timestamp="12 Apr 2022 22:13:30 GMT">
  <testcase classname="TestClass" name="test" time="0.016"/>
</testsuite> <!-- TestClass -->
